1490435314723	geckodriver	INFO	Listening on 127.0.0.1:61212
1490435316745	mozprofile::profile	INFO	Using profile path C:\Users\Eric\AppData\Local\Temp\rust_mozprofile.PDQsuYjv1pZk
1490435316754	geckodriver::marionette	INFO	Starting browser C:\Program Files (x86)\Mozilla Firefox\firefox.exe
1490435316761	geckodriver::marionette	INFO	Connecting to Marionette on localhost:61218
1490435317005	addons.manager	DEBUG	Application has been upgraded
1490435317184	addons.manager	DEBUG	Loaded provider scope for resource://gre/modules/addons/XPIProvider.jsm: ["XPIProvider"]
1490435317187	addons.manager	DEBUG	Loaded provider scope for resource://gre/modules/LightweightThemeManager.jsm: ["LightweightThemeManager"]
1490435317192	addons.manager	DEBUG	Loaded provider scope for resource://gre/modules/addons/GMPProvider.jsm
1490435317194	addons.manager	DEBUG	Loaded provider scope for resource://gre/modules/addons/PluginProvider.jsm
1490435317195	addons.manager	DEBUG	Starting provider: XPIProvider
1490435317195	addons.xpi	DEBUG	startup
1490435317196	addons.xpi	INFO	SystemAddonInstallLocation directory is missing
1490435317197	addons.xpi	INFO	Mapping aushelper@mozilla.org to C:\Program Files (x86)\Mozilla Firefox\browser\features\aushelper@mozilla.org.xpi
1490435317198	addons.xpi	INFO	Mapping e10srollout@mozilla.org to C:\Program Files (x86)\Mozilla Firefox\browser\features\e10srollout@mozilla.org.xpi
1490435317198	addons.xpi	INFO	Mapping firefox@getpocket.com to C:\Program Files (x86)\Mozilla Firefox\browser\features\firefox@getpocket.com.xpi
1490435317198	addons.xpi	INFO	Mapping webcompat@mozilla.org to C:\Program Files (x86)\Mozilla Firefox\browser\features\webcompat@mozilla.org.xpi
1490435317199	addons.xpi	INFO	Mapping {972ce4c6-7e08-4474-a285-3208198ce6fd} to C:\Program Files (x86)\Mozilla Firefox\browser\extensions\{972ce4c6-7e08-4474-a285-3208198ce6fd}.xpi
1490435317200	addons.xpi	DEBUG	checkForChanges
1490435317200	addons.xpi	INFO	SystemAddonInstallLocation directory is missing
1490435317201	addons.xpi	DEBUG	Loaded add-on state from prefs: {}
1490435317202	addons.xpi	DEBUG	New add-on aushelper@mozilla.org in app-system-defaults
1490435317203	addons.xpi	DEBUG	getModTime: Recursive scan of aushelper@mozilla.org
1490435317203	addons.xpi	DEBUG	New add-on e10srollout@mozilla.org in app-system-defaults
1490435317204	addons.xpi	DEBUG	getModTime: Recursive scan of e10srollout@mozilla.org
1490435317205	addons.xpi	DEBUG	New add-on firefox@getpocket.com in app-system-defaults
1490435317205	addons.xpi	DEBUG	getModTime: Recursive scan of firefox@getpocket.com
1490435317206	addons.xpi	DEBUG	New add-on webcompat@mozilla.org in app-system-defaults
1490435317206	addons.xpi	DEBUG	getModTime: Recursive scan of webcompat@mozilla.org
1490435317207	addons.xpi	DEBUG	New add-on {972ce4c6-7e08-4474-a285-3208198ce6fd} in app-global
1490435317207	addons.xpi	DEBUG	getModTime: Recursive scan of {972ce4c6-7e08-4474-a285-3208198ce6fd}
1490435317208	addons.xpi	DEBUG	getInstallState changed: true, state: {"app-system-defaults":{"aushelper@mozilla.org":{"d":"C:\\Program Files (x86)\\Mozilla Firefox\\browser\\features\\aushelper@mozilla.org.xpi","st":1489807683009},"e10srollout@mozilla.org":{"d":"C:\\Program Files (x86)\\Mozilla Firefox\\browser\\features\\e10srollout@mozilla.org.xpi","st":1489807683006},"firefox@getpocket.com":{"d":"C:\\Program Files (x86)\\Mozilla Firefox\\browser\\features\\firefox@getpocket.com.xpi","st":1489807683004},"webcompat@mozilla.org":{"d":"C:\\Program Files (x86)\\Mozilla Firefox\\browser\\features\\webcompat@mozilla.org.xpi","st":1489807682958}},"app-global":{"{972ce4c6-7e08-4474-a285-3208198ce6fd}":{"d":"C:\\Program Files (x86)\\Mozilla Firefox\\browser\\extensions\\{972ce4c6-7e08-4474-a285-3208198ce6fd}.xpi","st":1489807683011}}}
1490435317219	addons.xpi-utils	DEBUG	Opening XPI database C:\Users\Eric\AppData\Local\Temp\rust_mozprofile.PDQsuYjv1pZk\extensions.json
1490435317221	addons.xpi-utils	DEBUG	New add-on aushelper@mozilla.org installed in app-system-defaults
*** Blocklist::_loadBlocklistFromFile: blocklist is disabled
1490435317233	DeferredSave.extensions.json	DEBUG	Save changes
1490435317234	addons.xpi-utils	DEBUG	New add-on e10srollout@mozilla.org installed in app-system-defaults
1490435317238	DeferredSave.extensions.json	DEBUG	Starting timer
1490435317240	DeferredSave.extensions.json	DEBUG	Save changes
1490435317240	addons.xpi-utils	DEBUG	New add-on firefox@getpocket.com installed in app-system-defaults
1490435317249	DeferredSave.extensions.json	DEBUG	Save changes
1490435317249	addons.xpi-utils	DEBUG	New add-on webcompat@mozilla.org installed in app-system-defaults
1490435317255	DeferredSave.extensions.json	DEBUG	Save changes
1490435317256	addons.xpi-utils	DEBUG	New add-on {972ce4c6-7e08-4474-a285-3208198ce6fd} installed in app-global
1490435317261	DeferredSave.extensions.json	DEBUG	Save changes
1490435317262	addons.manager	DEBUG	Registering startup change 'installed' for aushelper@mozilla.org
1490435317271	addons.xpi	DEBUG	Loading bootstrap scope from C:\Program Files (x86)\Mozilla Firefox\browser\features\aushelper@mozilla.org.xpi
1490435317277	addons.xpi	DEBUG	Calling bootstrap method install on aushelper@mozilla.org version 2.0
1490435317277	addons.xpi-utils	DEBUG	Make addon app-system-defaults:aushelper@mozilla.org visible
1490435317278	DeferredSave.extensions.json	DEBUG	Save changes
1490435317279	addons.manager	DEBUG	Registering startup change 'installed' for e10srollout@mozilla.org
1490435317280	addons.xpi	DEBUG	Loading bootstrap scope from C:\Program Files (x86)\Mozilla Firefox\browser\features\e10srollout@mozilla.org.xpi
1490435317283	addons.xpi	DEBUG	Calling bootstrap method install on e10srollout@mozilla.org version 1.9
1490435317285	addons.xpi-utils	DEBUG	Make addon app-system-defaults:e10srollout@mozilla.org visible
1490435317285	DeferredSave.extensions.json	DEBUG	Save changes
1490435317286	addons.manager	DEBUG	Registering startup change 'installed' for firefox@getpocket.com
1490435317287	addons.xpi	DEBUG	Loading bootstrap scope from C:\Program Files (x86)\Mozilla Firefox\browser\features\firefox@getpocket.com.xpi
1490435317292	addons.xpi	DEBUG	Calling bootstrap method install on firefox@getpocket.com version 1.0.5
1490435317292	addons.xpi-utils	DEBUG	Make addon app-system-defaults:firefox@getpocket.com visible
1490435317292	DeferredSave.extensions.json	DEBUG	Save changes
1490435317292	addons.manager	DEBUG	Registering startup change 'installed' for webcompat@mozilla.org
1490435317293	addons.xpi	DEBUG	Loading bootstrap scope from C:\Program Files (x86)\Mozilla Firefox\browser\features\webcompat@mozilla.org.xpi
1490435317295	addons.xpi	DEBUG	Calling bootstrap method install on webcompat@mozilla.org version 1.0
1490435317296	addons.xpi-utils	DEBUG	Make addon app-system-defaults:webcompat@mozilla.org visible
1490435317296	DeferredSave.extensions.json	DEBUG	Save changes
1490435317296	addons.xpi-utils	DEBUG	Make addon app-global:{972ce4c6-7e08-4474-a285-3208198ce6fd} visible
1490435317297	DeferredSave.extensions.json	DEBUG	Save changes
1490435317297	addons.xpi	DEBUG	Updating XPIState for {"id":"aushelper@mozilla.org","syncGUID":"{10d903c4-1b0d-4815-90bd-540c85b459ee}","location":"app-system-defaults","version":"2.0","type":"extension","internalName":null,"updateURL":null,"updateKey":null,"optionsURL":null,"optionsType":null,"aboutURL":null,"icons":{},"iconURL":null,"icon64URL":null,"defaultLocale":{"name":"Application Update Service Helper","description":"Sets value(s) in the update url based on custom checks.","creator":null,"homepageURL":null},"visible":true,"active":true,"userDisabled":false,"appDisabled":false,"descriptor":"C:\\Program Files (x86)\\Mozilla Firefox\\browser\\features\\aushelper@mozilla.org.xpi","installDate":1489807683009,"updateDate":1489807683009,"applyBackgroundUpdates":1,"bootstrap":true,"skinnable":false,"size":8488,"sourceURI":null,"releaseNotesURI":null,"softDisabled":false,"foreignInstall":false,"hasBinaryComponents":false,"strictCompatibility":false,"locales":[],"targetApplications":[{"id":"{ec8030f7-c20a-464f-9b0e-13a3a9e97384}","minVersion":"52.0.1","maxVersion":"52.*"}],"targetPlatforms":[],"multiprocessCompatible":true,"seen":true,"dependencies":[],"hasEmbeddedWebExtension":false,"mpcOptedOut":false}
1490435317297	addons.xpi	DEBUG	getModTime: Recursive scan of aushelper@mozilla.org
1490435317298	addons.xpi	DEBUG	Updating XPIState for {"id":"e10srollout@mozilla.org","syncGUID":"{dd78cf7f-2c40-4b7e-ac09-efa22d223812}","location":"app-system-defaults","version":"1.9","type":"extension","internalName":null,"updateURL":null,"updateKey":null,"optionsURL":null,"optionsType":null,"aboutURL":null,"icons":{},"iconURL":null,"icon64URL":null,"defaultLocale":{"name":"Multi-process staged rollout","description":"Staged rollout of Firefox multi-process feature.","creator":null,"homepageURL":null},"visible":true,"active":true,"userDisabled":false,"appDisabled":false,"descriptor":"C:\\Program Files (x86)\\Mozilla Firefox\\browser\\features\\e10srollout@mozilla.org.xpi","installDate":1489807683006,"updateDate":1489807683006,"applyBackgroundUpdates":1,"bootstrap":true,"skinnable":false,"size":7183,"sourceURI":null,"releaseNotesURI":null,"softDisabled":false,"foreignInstall":false,"hasBinaryComponents":false,"strictCompatibility":false,"locales":[],"targetApplications":[{"id":"{ec8030f7-c20a-464f-9b0e-13a3a9e97384}","minVersion":"52.0.1","maxVersion":"52.*"}],"targetPlatforms":[],"multiprocessCompatible":true,"seen":true,"dependencies":[],"hasEmbeddedWebExtension":false,"mpcOptedOut":false}
1490435317298	addons.xpi	DEBUG	getModTime: Recursive scan of e10srollout@mozilla.org
1490435317298	addons.xpi	DEBUG	Updating XPIState for {"id":"firefox@getpocket.com","syncGUID":"{e0b64fcf-bcc5-46db-a0cb-c8df4a511d2e}","location":"app-system-defaults","version":"1.0.5","type":"extension","internalName":null,"updateURL":null,"updateKey":null,"optionsURL":null,"optionsType":null,"aboutURL":null,"icons":{},"iconURL":null,"icon64URL":null,"defaultLocale":{"name":"Pocket","description":"When you find something you want to view later, put it in Pocket.","creator":null,"homepageURL":null},"visible":true,"active":true,"userDisabled":false,"appDisabled":false,"descriptor":"C:\\Program Files (x86)\\Mozilla Firefox\\browser\\features\\firefox@getpocket.com.xpi","installDate":1489807683004,"updateDate":1489807683004,"applyBackgroundUpdates":1,"bootstrap":true,"skinnable":false,"size":920281,"sourceURI":null,"releaseNotesURI":null,"softDisabled":false,"foreignInstall":false,"hasBinaryComponents":false,"strictCompatibility":false,"locales":[],"targetApplications":[{"id":"{ec8030f7-c20a-464f-9b0e-13a3a9e97384}","minVersion":"52.0.1","maxVersion":"52.*"}],"targetPlatforms":[],"multiprocessCompatible":true,"seen":true,"dependencies":[],"hasEmbeddedWebExtension":false,"mpcOptedOut":false}
1490435317299	addons.xpi	DEBUG	getModTime: Recursive scan of firefox@getpocket.com
1490435317299	addons.xpi	DEBUG	Updating XPIState for {"id":"webcompat@mozilla.org","syncGUID":"{36e1ca94-c6f8-4931-9842-d9760382ea85}","location":"app-system-defaults","version":"1.0","type":"extension","internalName":null,"updateURL":null,"updateKey":null,"optionsURL":null,"optionsType":null,"aboutURL":null,"icons":{},"iconURL":null,"icon64URL":null,"defaultLocale":{"name":"Web Compat","description":"Urgent post-release fixes for web compatibility.","creator":null,"homepageURL":null},"visible":true,"active":true,"userDisabled":false,"appDisabled":false,"descriptor":"C:\\Program Files (x86)\\Mozilla Firefox\\browser\\features\\webcompat@mozilla.org.xpi","installDate":1489807682958,"updateDate":1489807682958,"applyBackgroundUpdates":1,"bootstrap":true,"skinnable":false,"size":1456,"sourceURI":null,"releaseNotesURI":null,"softDisabled":false,"foreignInstall":false,"hasBinaryComponents":false,"strictCompatibility":false,"locales":[],"targetApplications":[{"id":"{ec8030f7-c20a-464f-9b0e-13a3a9e97384}","minVersion":"52.0.1","maxVersion":"52.*"}],"targetPlatforms":[],"multiprocessCompatible":true,"seen":true,"dependencies":[],"hasEmbeddedWebExtension":false,"mpcOptedOut":false}
1490435317299	addons.xpi	DEBUG	getModTime: Recursive scan of webcompat@mozilla.org
1490435317300	addons.xpi	DEBUG	Updating XPIState for {"id":"{972ce4c6-7e08-4474-a285-3208198ce6fd}","syncGUID":"{dc0bdcf3-457c-4e1b-830b-ba9701b862fe}","location":"app-global","version":"52.0.1","type":"theme","internalName":"classic/1.0","updateURL":null,"updateKey":null,"optionsURL":null,"optionsType":null,"aboutURL":null,"icons":{"32":"icon.png","48":"icon.png"},"iconURL":null,"icon64URL":null,"defaultLocale":{"name":"Default","description":"The default theme.","creator":"Mozilla","homepageURL":null,"contributors":["Mozilla Contributors"]},"visible":true,"active":true,"userDisabled":false,"appDisabled":false,"descriptor":"C:\\Program Files (x86)\\Mozilla Firefox\\browser\\extensions\\{972ce4c6-7e08-4474-a285-3208198ce6fd}.xpi","installDate":1489807683011,"updateDate":1489807683011,"applyBackgroundUpdates":1,"skinnable":true,"size":19587,"sourceURI":null,"releaseNotesURI":null,"softDisabled":false,"foreignInstall":false,"hasBinaryComponents":false,"strictCompatibility":true,"locales":[],"targetApplications":[{"id":"{ec8030f7-c20a-464f-9b0e-13a3a9e97384}","minVersion":"52.0.1","maxVersion":"52.0.1"}],"targetPlatforms":[],"seen":true,"dependencies":[],"hasEmbeddedWebExtension":false}
1490435317300	addons.xpi	DEBUG	getModTime: Recursive scan of {972ce4c6-7e08-4474-a285-3208198ce6fd}
1490435317301	DeferredSave.extensions.json	DEBUG	Save changes
1490435317302	addons.xpi	DEBUG	Updating database with changes to installed add-ons
1490435317302	addons.xpi-utils	DEBUG	Updating add-on states
1490435317303	addons.xpi-utils	DEBUG	Writing add-ons list
1490435317307	addons.xpi	DEBUG	Registering manifest for C:\Program Files (x86)\Mozilla Firefox\browser\features\aushelper@mozilla.org.xpi
1490435317307	addons.xpi	DEBUG	Calling bootstrap method startup on aushelper@mozilla.org version 2.0
1490435317309	addons.xpi	DEBUG	Registering manifest for C:\Program Files (x86)\Mozilla Firefox\browser\features\e10srollout@mozilla.org.xpi
1490435317310	addons.xpi	DEBUG	Calling bootstrap method startup on e10srollout@mozilla.org version 1.9
1490435317310	addons.xpi	DEBUG	Registering manifest for C:\Program Files (x86)\Mozilla Firefox\browser\features\firefox@getpocket.com.xpi
1490435317311	addons.xpi	DEBUG	Calling bootstrap method startup on firefox@getpocket.com version 1.0.5
1490435317313	addons.xpi	DEBUG	Registering manifest for C:\Program Files (x86)\Mozilla Firefox\browser\features\webcompat@mozilla.org.xpi
1490435317313	addons.xpi	DEBUG	Calling bootstrap method startup on webcompat@mozilla.org version 1.0
1490435317316	addons.manager	DEBUG	Registering shutdown blocker for XPIProvider
1490435317317	addons.manager	DEBUG	Provider finished startup: XPIProvider
1490435317317	addons.manager	DEBUG	Starting provider: LightweightThemeManager
1490435317317	addons.manager	DEBUG	Registering shutdown blocker for LightweightThemeManager
1490435317317	addons.manager	DEBUG	Provider finished startup: LightweightThemeManager
1490435317318	addons.manager	DEBUG	Starting provider: GMPProvider
1490435317328	addons.manager	DEBUG	Registering shutdown blocker for GMPProvider
1490435317328	addons.manager	DEBUG	Provider finished startup: GMPProvider
1490435317328	addons.manager	DEBUG	Starting provider: PluginProvider
1490435317329	addons.manager	DEBUG	Registering shutdown blocker for PluginProvider
1490435317329	addons.manager	DEBUG	Provider finished startup: PluginProvider
1490435317329	addons.manager	DEBUG	Completed startup sequence
1490435318014	Marionette	INFO	Listening on port 61218
1490435319303	addons.manager	DEBUG	Starting provider: <unnamed-provider>
1490435319303	addons.manager	DEBUG	Registering shutdown blocker for <unnamed-provider>
1490435319303	addons.manager	DEBUG	Provider finished startup: <unnamed-provider>
1490435319344	addons.manager	DEBUG	Starting provider: PreviousExperimentProvider
1490435319345	addons.manager	DEBUG	Registering shutdown blocker for PreviousExperimentProvider
1490435319345	addons.manager	DEBUG	Provider finished startup: PreviousExperimentProvider
1490435319350	DeferredSave.extensions.json	DEBUG	Starting write
1490435319607	DeferredSave.extensions.json	DEBUG	Write succeeded
1490435319608	addons.xpi-utils	DEBUG	XPI Database saved, setting schema version preference to 19
1490435321873	Marionette	WARN	Using deprecated data structure for setting timeouts
1490435321887	Marionette	WARN	Using deprecated data structure for setting timeouts
1490435347119	Marionette	WARN	Using deprecated data structure for setting timeouts
1490435347141	Marionette	WARN	Using deprecated data structure for setting timeouts
1490435347161	Marionette	WARN	Using deprecated data structure for setting timeouts
1490435347183	Marionette	WARN	Using deprecated data structure for setting timeouts
1490435363737	Marionette	INFO	New connections will no longer be accepted
[Child 5300] ###!!! ABORT: Aborting on channel error.: file c:/builds/moz2_slave/m-rel-w32-00000000000000000000/build/src/ipc/glue/MessageChannel.cpp, line 2143
gmas is deprecated. Use //# instead
1490432439592	addons.productaddons	INFO	sending request to: https://aus5.mozilla.org/update/3/GMP/52.0.1/20170316213829/WINNT_x86-msvc-x64/en-US/release/Windows_NT%206.3.0.0%20(x64)/default/default/update.xml
JavaScript warning: https://api.taxamo.com/api/xdm.html?public_token=public_3adAdeo6B9dUufD_mJMEMkTXmxbK-vffcybxQEvrshk&xdm_e=https%3A%2F%2Fsso.teachable.com&xdm_c=default8078&xdm_p=1, line 28: Using //@ to indicate sourceMappingURL pragmas is deprecated. Use //# instead
1490432447355	addons.productaddons	INFO	Completed downloading document
1490432453161	Marionette	INFO	New connections will no longer be accepted
[Child 5416] ###!!! ABORT: Aborting on channel error.: file c:/builds/moz2_slave/m-rel-w32-00000000000000000000/build/src/ipc/glue/MessageChannel.cpp, line 2143
ions will no longer be accepted
[Child 6112] ###!!! ABORT: Aborting on channel error.: file c:/builds/moz2_slave/m-rel-w32-00000000000000000000/build/src/ipc/glue/MessageChannel.cpp, line 2143
ype=0x3E0003,name=PCompositable::Msg_Destroy) Channel error: cannot send/recv


###!!! [Child][MessageChannel] Error: (msgtype=0x3E0003,name=PCompositable::Msg_Destroy) Channel error: cannot send/recv

0003,name=PCompositable::Msg_Destroy) Channel error: cannot send/recv

[GFX1-]: Rec[Child 7676] WARNING: pipe error: 232: file c:/builds/moz2_slave/m-rel-w32-00000000000000000000/build/src/ipc/chromium/src/chrome/common/ipc_channel_win.cc, line 512
eive IP[Child 7676] ###!!! ABORT: Aborting on channel error.: file c:/builds/moz2_slave/m-rel-w32-00000000000000000000/build/src/ipc/glue/MessageChannel.cpp, line 2143
C close with reason=AbnormalShutdown
DEBUG	Calling shutdown blocker for PluginProvider
1490404447677	addons.manager	DEBUG	Calling shutdown blocker for <unnamed-provider>
1490404447682	addons.manager	DEBUG	Calling shutdown blocker for PreviousExperimentProvider
1490404447689	addons.xpi	DEBUG	Notifying XPI shutdown observers
1490404447696	addons.manager	DEBUG	Async provider shutdown done
1490404448313	geckodriver::marionette	ERROR	Failed to kill browser process
